<?xml version="1.0" encoding="UTF-8"?>
<testsuite xmlns:xsi="http://www.w3.org/2001/XMLSchema-instance" xsi:noNamespaceSchemaLocation="https://maven.apache.org/surefire/maven-surefire-plugin/xsd/surefire-test-report-3.0.xsd" version="3.0" name="uk.gov.dwp.uc.pairtest.TicketServiceImplTest" time="1.667" tests="17" errors="0" skipped="0" failures="0">
  <properties>
    <property name="java.specification.version" value="21"/>
    <property name="sun.cpu.isalist" value="amd64"/>
    <property name="sun.jnu.encoding" value="Cp1252"/>
    <property name="java.class.path" value="C:\Users\jacqu\IdeaProjects\cinema-tickets\cinema-tickets-java\target\test-classes;C:\Users\jacqu\IdeaProjects\cinema-tickets\cinema-tickets-java\target\classes;C:\Users\jacqu\.m2\repository\org\junit\jupiter\junit-jupiter\5.12.0\junit-jupiter-5.12.0.jar;C:\Users\jacqu\.m2\repository\org\junit\jupiter\junit-jupiter-api\5.12.0\junit-jupiter-api-5.12.0.jar;C:\Users\jacqu\.m2\repository\org\opentest4j\opentest4j\1.3.0\opentest4j-1.3.0.jar;C:\Users\jacqu\.m2\repository\org\junit\platform\junit-platform-commons\1.12.0\junit-platform-commons-1.12.0.jar;C:\Users\jacqu\.m2\repository\org\apiguardian\apiguardian-api\1.1.2\apiguardian-api-1.1.2.jar;C:\Users\jacqu\.m2\repository\org\junit\jupiter\junit-jupiter-params\5.12.0\junit-jupiter-params-5.12.0.jar;C:\Users\jacqu\.m2\repository\org\junit\jupiter\junit-jupiter-engine\5.12.0\junit-jupiter-engine-5.12.0.jar;C:\Users\jacqu\.m2\repository\org\junit\platform\junit-platform-engine\1.12.0\junit-platform-engine-1.12.0.jar;C:\Users\jacqu\.m2\repository\org\mockito\mockito-junit-jupiter\5.14.2\mockito-junit-jupiter-5.14.2.jar;C:\Users\jacqu\.m2\repository\org\mockito\mockito-core\5.14.2\mockito-core-5.14.2.jar;C:\Users\jacqu\.m2\repository\net\bytebuddy\byte-buddy\1.15.4\byte-buddy-1.15.4.jar;C:\Users\jacqu\.m2\repository\net\bytebuddy\byte-buddy-agent\1.15.4\byte-buddy-agent-1.15.4.jar;C:\Users\jacqu\.m2\repository\org\objenesis\objenesis\3.3\objenesis-3.3.jar;C:\Users\jacqu\.m2\repository\org\slf4j\slf4j-api\2.0.9\slf4j-api-2.0.9.jar;C:\Users\jacqu\.m2\repository\org\slf4j\slf4j-simple\2.0.9\slf4j-simple-2.0.9.jar;C:\Users\jacqu\.m2\repository\org\projectlombok\lombok\1.18.42\lombok-1.18.42.jar;"/>
    <property name="java.vm.vendor" value="Microsoft"/>
    <property name="sun.arch.data.model" value="64"/>
    <property name="user.variant" value=""/>
    <property name="java.vendor.url" value="https://www.microsoft.com"/>
    <property name="user.timezone" value="Europe/London"/>
    <property name="os.name" value="Windows 11"/>
    <property name="java.vm.specification.version" value="21"/>
    <property name="user.country" value="GB"/>
    <property name="sun.java.launcher" value="SUN_STANDARD"/>
    <property name="sun.boot.library.path" value="C:\Users\jacqu\.jdks\ms-21.0.8\bin"/>
    <property name="sun.java.command" value="C:\Users\jacqu\AppData\Local\Temp\surefire10989952159793609059\surefirebooter-20250922150831147_3.jar C:\Users\jacqu\AppData\Local\Temp\surefire10989952159793609059 2025-09-22T15-08-30_905-jvmRun1 surefire-20250922150831147_1tmp surefire_0-20250922150831147_2tmp"/>
    <property name="jdk.debug" value="release"/>
    <property name="surefire.test.class.path" value="C:\Users\jacqu\IdeaProjects\cinema-tickets\cinema-tickets-java\target\test-classes;C:\Users\jacqu\IdeaProjects\cinema-tickets\cinema-tickets-java\target\classes;C:\Users\jacqu\.m2\repository\org\junit\jupiter\junit-jupiter\5.12.0\junit-jupiter-5.12.0.jar;C:\Users\jacqu\.m2\repository\org\junit\jupiter\junit-jupiter-api\5.12.0\junit-jupiter-api-5.12.0.jar;C:\Users\jacqu\.m2\repository\org\opentest4j\opentest4j\1.3.0\opentest4j-1.3.0.jar;C:\Users\jacqu\.m2\repository\org\junit\platform\junit-platform-commons\1.12.0\junit-platform-commons-1.12.0.jar;C:\Users\jacqu\.m2\repository\org\apiguardian\apiguardian-api\1.1.2\apiguardian-api-1.1.2.jar;C:\Users\jacqu\.m2\repository\org\junit\jupiter\junit-jupiter-params\5.12.0\junit-jupiter-params-5.12.0.jar;C:\Users\jacqu\.m2\repository\org\junit\jupiter\junit-jupiter-engine\5.12.0\junit-jupiter-engine-5.12.0.jar;C:\Users\jacqu\.m2\repository\org\junit\platform\junit-platform-engine\1.12.0\junit-platform-engine-1.12.0.jar;C:\Users\jacqu\.m2\repository\org\mockito\mockito-junit-jupiter\5.14.2\mockito-junit-jupiter-5.14.2.jar;C:\Users\jacqu\.m2\repository\org\mockito\mockito-core\5.14.2\mockito-core-5.14.2.jar;C:\Users\jacqu\.m2\repository\net\bytebuddy\byte-buddy\1.15.4\byte-buddy-1.15.4.jar;C:\Users\jacqu\.m2\repository\net\bytebuddy\byte-buddy-agent\1.15.4\byte-buddy-agent-1.15.4.jar;C:\Users\jacqu\.m2\repository\org\objenesis\objenesis\3.3\objenesis-3.3.jar;C:\Users\jacqu\.m2\repository\org\slf4j\slf4j-api\2.0.9\slf4j-api-2.0.9.jar;C:\Users\jacqu\.m2\repository\org\slf4j\slf4j-simple\2.0.9\slf4j-simple-2.0.9.jar;C:\Users\jacqu\.m2\repository\org\projectlombok\lombok\1.18.42\lombok-1.18.42.jar;"/>
    <property name="sun.cpu.endian" value="little"/>
    <property name="user.home" value="C:\Users\jacqu"/>
    <property name="user.language" value="en"/>
    <property name="java.specification.vendor" value="Oracle Corporation"/>
    <property name="java.version.date" value="2025-07-15"/>
    <property name="java.home" value="C:\Users\jacqu\.jdks\ms-21.0.8"/>
    <property name="file.separator" value="\"/>
    <property name="basedir" value="C:\Users\jacqu\IdeaProjects\cinema-tickets\cinema-tickets-java"/>
    <property name="style.color" value="always"/>
    <property name="java.vm.compressedOopsMode" value="Zero based"/>
    <property name="line.separator" value="&#10;"/>
    <property name="java.vm.specification.vendor" value="Oracle Corporation"/>
    <property name="java.specification.name" value="Java Platform API Specification"/>
    <property name="surefire.real.class.path" value="C:\Users\jacqu\AppData\Local\Temp\surefire10989952159793609059\surefirebooter-20250922150831147_3.jar"/>
    <property name="user.script" value=""/>
    <property name="sun.management.compiler" value="HotSpot 64-Bit Tiered Compilers"/>
    <property name="java.runtime.version" value="21.0.8+9-LTS"/>
    <property name="user.name" value="jacqu"/>
    <property name="stdout.encoding" value="Cp1252"/>
    <property name="path.separator" value=";"/>
    <property name="os.version" value="10.0"/>
    <property name="java.runtime.name" value="OpenJDK Runtime Environment"/>
    <property name="file.encoding" value="UTF-8"/>
    <property name="java.vm.name" value="OpenJDK 64-Bit Server VM"/>
    <property name="java.vendor.version" value="Microsoft-11933218"/>
    <property name="maven.ext.class.path" value="C:\Program Files\JetBrains\IntelliJ IDEA Community Edition 2025.2.1\plugins\maven\lib\maven-event-listener.jar"/>
    <property name="localRepository" value="C:\Users\jacqu\.m2\repository"/>
    <property name="java.vendor.url.bug" value="https://github.com/microsoft/openjdk/issues"/>
    <property name="java.io.tmpdir" value="C:\Users\jacqu\AppData\Local\Temp\"/>
    <property name="idea.version" value="2025.2.1"/>
    <property name="java.version" value="21.0.8"/>
    <property name="user.dir" value="C:\Users\jacqu\IdeaProjects\cinema-tickets\cinema-tickets-java"/>
    <property name="os.arch" value="amd64"/>
    <property name="jansi.passthrough" value="true"/>
    <property name="java.vm.specification.name" value="Java Virtual Machine Specification"/>
    <property name="sun.os.patch.level" value=""/>
    <property name="native.encoding" value="Cp1252"/>
    <property name="java.library.path" value="C:\Users\jacqu\.jdks\ms-21.0.8\bin;C:\WINDOWS\Sun\Java\bin;C:\WINDOWS\system32;C:\WINDOWS;C:\Python313\Scripts\;C:\Python313\;C:\WINDOWS\system32;C:\WINDOWS;C:\WINDOWS\System32\Wbem;C:\WINDOWS\System32\WindowsPowerShell\v1.0\;C:\WINDOWS\System32\OpenSSH\;C:\Program Files\nodejs\;C:\ProgramData\chocolatey\bin;C:\Program Files\Git\cmd;C:\Users\jacqu\AppData\Local\Microsoft\WindowsApps;C:\Users\jacqu\AppData\Local\Programs\Microsoft VS Code\bin;C:\Program Files\JetBrains\IntelliJ IDEA Community Edition 2025.2.1\bin;C:\Users\jacqu\AppData\Roaming\npm;."/>
    <property name="java.vm.info" value="mixed mode, sharing"/>
    <property name="stderr.encoding" value="Cp1252"/>
    <property name="java.vendor" value="Microsoft"/>
    <property name="java.vm.version" value="21.0.8+9-LTS"/>
    <property name="sun.io.unicode.encoding" value="UnicodeLittle"/>
    <property name="maven.repo.local" value="C:\Users\jacqu\.m2\repository"/>
    <property name="java.class.version" value="65.0"/>
  </properties>
  <testcase name="validatePurchaseRequest_shouldThrowException_whenInputVariables_areInvalid(Long, TicketTypeRequest[], String)[1]" classname="uk.gov.dwp.uc.pairtest.TicketServiceImplTest" time="1.432">
    <system-err><![CDATA[Mockito is currently self-attaching to enable the inline-mock-maker. This will no longer work in future releases of the JDK. Please add Mockito as an agent to your build what is described in Mockito's documentation: https://javadoc.io/doc/org.mockito/mockito-core/latest/org/mockito/Mockito.html#0.3
WARNING: A Java agent has been loaded dynamically (C:\Users\jacqu\.m2\repository\net\bytebuddy\byte-buddy-agent\1.15.4\byte-buddy-agent-1.15.4.jar)
WARNING: If a serviceability tool is in use, please run with -XX:+EnableDynamicAgentLoading to hide this warning
WARNING: If a serviceability tool is not in use, please run with -Djdk.instrument.traceUsage for more information
WARNING: Dynamic loading of agents will be disallowed by default in a future release
]]></system-err>
  </testcase>
  <testcase name="validatePurchaseRequest_shouldThrowException_whenInputVariables_areInvalid(Long, TicketTypeRequest[], String)[2]" classname="uk.gov.dwp.uc.pairtest.TicketServiceImplTest" time="0.005"/>
  <testcase name="validatePurchaseRequest_shouldThrowException_whenInputVariables_areInvalid(Long, TicketTypeRequest[], String)[3]" classname="uk.gov.dwp.uc.pairtest.TicketServiceImplTest" time="0.006"/>
  <testcase name="validatePurchaseRequest_shouldThrowException_whenInputVariables_areInvalid(Long, TicketTypeRequest[], String)[4]" classname="uk.gov.dwp.uc.pairtest.TicketServiceImplTest" time="0.004"/>
  <testcase name="validatePurchaseRequest_shouldThrowException_whenInputVariables_areInvalid(Long, TicketTypeRequest[], String)[5]" classname="uk.gov.dwp.uc.pairtest.TicketServiceImplTest" time="0.004"/>
  <testcase name="validatePurchaseRequest_shouldThrowException_whenInputVariables_areInvalid(Long, TicketTypeRequest[], String)[6]" classname="uk.gov.dwp.uc.pairtest.TicketServiceImplTest" time="0.004"/>
  <testcase name="purchaseTickets_shouldNotCallPaymentAndReservation_whenRequestIsInvalid" classname="uk.gov.dwp.uc.pairtest.TicketServiceImplTest" time="0.01"/>
  <testcase name="validatePurchaseRequest_shouldThrowException_whenInfant_exceedsAdult" classname="uk.gov.dwp.uc.pairtest.TicketServiceImplTest" time="0.007"/>
  <testcase name="validatePurchaseRequest_shouldThrowException_whenTicketType_isNull" classname="uk.gov.dwp.uc.pairtest.TicketServiceImplTest" time="0.005"/>
  <testcase name="validatePurchaseRequest_shouldThrowException_whenInfant_withoutAdult" classname="uk.gov.dwp.uc.pairtest.TicketServiceImplTest" time="0.003"/>
  <testcase name="purchaseTickets_shouldCallPaymentAndReservation_whenExactly25TicketsRequested" classname="uk.gov.dwp.uc.pairtest.TicketServiceImplTest" time="0.038"/>
  <testcase name="validatePurchaseRequest_shouldThrowException_whenChild_withoutAdult" classname="uk.gov.dwp.uc.pairtest.TicketServiceImplTest" time="0.005"/>
  <testcase name="purchaseTickets_shouldCallPaymentAndReservation_whenRequestIsValid" classname="uk.gov.dwp.uc.pairtest.TicketServiceImplTest" time="0.004"/>
  <testcase name="purchaseTickets_shouldCallPaymentAndReservation_forValidRequests(Long, TicketTypeRequest[], int, int)[1]" classname="uk.gov.dwp.uc.pairtest.TicketServiceImplTest" time="0.008"/>
  <testcase name="purchaseTickets_shouldCallPaymentAndReservation_forValidRequests(Long, TicketTypeRequest[], int, int)[2]" classname="uk.gov.dwp.uc.pairtest.TicketServiceImplTest" time="0.005"/>
  <testcase name="purchaseTickets_shouldCallPaymentAndReservation_forValidRequests(Long, TicketTypeRequest[], int, int)[3]" classname="uk.gov.dwp.uc.pairtest.TicketServiceImplTest" time="0.004"/>
  <testcase name="purchaseTickets_shouldCallPaymentAndReservation_forValidRequests(Long, TicketTypeRequest[], int, int)[4]" classname="uk.gov.dwp.uc.pairtest.TicketServiceImplTest" time="0.005"/>
</testsuite>